<?xml version="1.0" encoding="UTF-8" ?>
<testsuite errors="1" failures="0" hostname="subu-Vostro-3350" name="sg.edu.nus.iss.yunakti.engine.parser.TestSample" tests="1" time="0.0" timestamp="2012-04-19T07:45:39">
  <properties>
[...]
</properties>
  <error message="sg.edu.nus.iss.yunakti.engine.parser.TestSample" type="java.lang.ClassNotFoundException">java.lang.ClassNotFoundException: sg.edu.nus.iss.yunakti.engine.parser.TestSample
	at java.net.URLClassLoader$1.run(URLClassLoader.java:217)
	at java.security.AccessController.doPrivileged(Native Method)
	at java.net.URLClassLoader.findClass(URLClassLoader.java:205)
	at java.lang.ClassLoader.loadClass(ClassLoader.java:321)
	at sun.misc.Launcher$AppClassLoader.loadClass(Launcher.java:294)
	at java.lang.ClassLoader.loadClass(ClassLoader.java:266)
	at java.lang.Class.forName0(Native Method)
	at java.lang.Class.forName(Class.java:186)
</error>
  <system-out><![CDATA[]]></system-out>
  <system-err><![CDATA[]]></system-err>
</testsuite>
